<?xml version="1.0" encoding="UTF-8"?>
<!-- Generated by org.testng.reporters.JUnitReportReporter -->
<testsuite skipped="0" hostname="RazvanAsus" name="com.phptravels.tests.TransferPageTest" tests="1" failures="0" timestamp="03 Jun 2023 16:57:09 GMT" time="16.849" errors="0">
  <testcase name="transferPage" time="16.849" classname="com.phptravels.tests.TransferPageTest"/>
</testsuite> <!-- com.phptravels.tests.TransferPageTest -->
