<?xml version="1.0" encoding="UTF-8"?>
<!-- Generated by org.testng.reporters.JUnitReportReporter -->
<testsuite skipped="0" hostname="RazvanAsus" name="searchmodule.tests.SearchTest" tests="1" failures="0" timestamp="06 Jun 2023 08:32:27 GMT" time="3.321" errors="0">
  <testcase name="search" time="3.321" classname="searchmodule.tests.SearchTest"/>
</testsuite> <!-- searchmodule.tests.SearchTest -->
