<?xml version="1.0" encoding="UTF-8"?>
<!-- Generated by org.testng.reporters.JUnitReportReporter -->
<testsuite skipped="0" hostname="RazvanAsus" name="com.newtours.tests.BookFlightTest" tests="4" failures="0" timestamp="05 Jun 2023 17:36:55 GMT" time="29.398" errors="0">
  <testcase name="registrationConfirmationPage" time="0.195" classname="com.newtours.tests.BookFlightTest"/>
  <testcase name="registrationConfirmationPage" time="0.429" classname="com.newtours.tests.BookFlightTest"/>
  <testcase name="registrationPage" time="14.244" classname="com.newtours.tests.BookFlightTest"/>
  <testcase name="registrationPage" time="14.530" classname="com.newtours.tests.BookFlightTest"/>
</testsuite> <!-- com.newtours.tests.BookFlightTest -->
