<?xml version="1.0" encoding="UTF-8"?>
<!-- Generated by org.testng.reporters.JUnitReportReporter -->
<testsuite skipped="0" hostname="RazvanAsus" name="com.newtours.tests.BookFlightTest" tests="4" failures="0" timestamp="03 Jun 2023 16:57:34 GMT" time="23.559" errors="0">
  <testcase name="registrationConfirmationPage" time="0.200" classname="com.newtours.tests.BookFlightTest"/>
  <testcase name="registrationPage" time="11.557" classname="com.newtours.tests.BookFlightTest"/>
  <testcase name="registrationConfirmationPage" time="0.131" classname="com.newtours.tests.BookFlightTest"/>
  <testcase name="registrationPage" time="11.671" classname="com.newtours.tests.BookFlightTest"/>
</testsuite> <!-- com.newtours.tests.BookFlightTest -->
