<?xml version="1.0" encoding="UTF-8"?>
<!-- Generated by org.testng.reporters.JUnitReportReporter -->
<testsuite skipped="0" hostname="RazvanAsus" name="searchmodule.tests.SearchTest" tests="1" failures="0" timestamp="02 Jun 2023 17:25:40 GMT" time="2.049" errors="0">
  <testcase name="search" time="2.049" classname="searchmodule.tests.SearchTest"/>
</testsuite> <!-- searchmodule.tests.SearchTest -->
