<?xml version="1.0" encoding="UTF-8"?>
<!-- Generated by org.testng.reporters.JUnitReportReporter -->
<testsuite skipped="0" hostname="RazvanAsus" name="searchmodule.tests.SearchTest" tests="1" failures="0" timestamp="08 Jun 2023 15:36:36 GMT" time="1.447" errors="0">
  <testcase name="search" time="1.447" classname="searchmodule.tests.SearchTest"/>
</testsuite> <!-- searchmodule.tests.SearchTest -->
